2013/12/17 09:19:29 [error] [exception.CHttpException.404] exception 'CHttpException' with message 'The system is unable to find the requested action "images".' in C:\wamp\www\wis-project-1\yii\framework\web\CController.php:483
Stack trace:
#0 C:\wamp\www\wis-project-1\yii\framework\web\CController.php(270): CController->missingAction('images')
#1 C:\wamp\www\wis-project-1\yii\framework\web\CWebApplication.php(282): CController->run('images')
#2 C:\wamp\www\wis-project-1\yii\framework\web\CWebApplication.php(141): CWebApplication->runController('site/images/log...')
#3 C:\wamp\www\wis-project-1\yii\framework\base\CApplication.php(180): CWebApplication->processRequest()
#4 C:\wamp\www\wis-project-1\youCourse\index.php(20): CApplication->run()
#5 {main}
REQUEST_URI=/wis-project-1/youCourse/index.php/site/images/logo_mohamed.png
HTTP_REFERER=http://localhost/wis-project-1/youCourse/index.php/site/page?view=about
---
2013/12/17 09:19:35 [error] [exception.CHttpException.404] exception 'CHttpException' with message 'The system is unable to find the requested action "youcourse".' in C:\wamp\www\wis-project-1\yii\framework\web\CController.php:483
Stack trace:
#0 C:\wamp\www\wis-project-1\yii\framework\web\CController.php(270): CController->missingAction('youcourse')
#1 C:\wamp\www\wis-project-1\yii\framework\web\CWebApplication.php(282): CController->run('youcourse')
#2 C:\wamp\www\wis-project-1\yii\framework\web\CWebApplication.php(141): CWebApplication->runController('site/youcourse/...')
#3 C:\wamp\www\wis-project-1\yii\framework\base\CApplication.php(180): CWebApplication->processRequest()
#4 C:\wamp\www\wis-project-1\youCourse\index.php(20): CApplication->run()
#5 {main}
REQUEST_URI=/wis-project-1/youCourse/index.php/site/youcourse/index.php/api/video/
HTTP_REFERER=http://localhost/wis-project-1/youCourse/index.php/site/page?view=about
---
2013/12/17 09:19:35 [error] [exception.CHttpException.404] exception 'CHttpException' with message 'The system is unable to find the requested action "youcourse".' in C:\wamp\www\wis-project-1\yii\framework\web\CController.php:483
Stack trace:
#0 C:\wamp\www\wis-project-1\yii\framework\web\CController.php(270): CController->missingAction('youcourse')
#1 C:\wamp\www\wis-project-1\yii\framework\web\CWebApplication.php(282): CController->run('youcourse')
#2 C:\wamp\www\wis-project-1\yii\framework\web\CWebApplication.php(141): CWebApplication->runController('site/youcourse/...')
#3 C:\wamp\www\wis-project-1\yii\framework\base\CApplication.php(180): CWebApplication->processRequest()
#4 C:\wamp\www\wis-project-1\youCourse\index.php(20): CApplication->run()
#5 {main}
REQUEST_URI=/wis-project-1/youCourse/index.php/site/youcourse/index.php/api/video/images/logo_mohamed.png
HTTP_REFERER=http://localhost/wis-project-1/youCourse/index.php/site/youcourse/index.php/api/video/
---
2013/12/17 09:19:55 [error] [exception.CHttpException.401] exception 'CHttpException' with message 'Unauthorized' in C:\wamp\www\wis-project-1\youCourse\protected\extensions\starship\RestfullYii\filters\ERestFilter.php:54
Stack trace:
#0 C:\wamp\www\wis-project-1\yii\framework\web\filters\CFilter.php(38): ERestFilter->preFilter(Object(CFilterChain))
#1 C:\wamp\www\wis-project-1\yii\framework\web\filters\CFilterChain.php(130): CFilter->filter(Object(CFilterChain))
#2 C:\wamp\www\wis-project-1\yii\framework\web\filters\CFilter.php(40): CFilterChain->run()
#3 C:\wamp\www\wis-project-1\yii\framework\web\CController.php(1145): CFilter->filter(Object(CFilterChain))
#4 C:\wamp\www\wis-project-1\yii\framework\web\filters\CInlineFilter.php(58): CController->filterAccessControl(Object(CFilterChain))
#5 C:\wamp\www\wis-project-1\yii\framework\web\filters\CFilterChain.php(130): CInlineFilter->filter(Object(CFilterChain))
#6 C:\wamp\www\wis-project-1\yii\framework\web\CController.php(291): CFilterChain->run()
#7 C:\wamp\www\wis-project-1\yii\framework\web\CController.php(265): CController->runActionWithFilters(Object(EActionRestGET), Array)
#8 C:\wamp\www\wis-project-1\yii\framework\web\CWebApplication.php(282): CController->run('REST.GET')
#9 C:\wamp\www\wis-project-1\yii\framework\web\CWebApplication.php(141): CWebApplication->runController('video/REST.GET')
#10 C:\wamp\www\wis-project-1\yii\framework\base\CApplication.php(180): CWebApplication->processRequest()
#11 C:\wamp\www\wis-project-1\youCourse\index.php(20): CApplication->run()
#12 {main}
REQUEST_URI=/wis-project-1/youCourse/index.php/api/video/
---
2013/12/17 09:20:02 [error] [exception.CHttpException.404] exception 'CHttpException' with message 'The system is unable to find the requested action "youcourse".' in C:\wamp\www\wis-project-1\yii\framework\web\CController.php:483
Stack trace:
#0 C:\wamp\www\wis-project-1\yii\framework\web\CController.php(270): CController->missingAction('youcourse')
#1 C:\wamp\www\wis-project-1\yii\framework\web\CWebApplication.php(282): CController->run('youcourse')
#2 C:\wamp\www\wis-project-1\yii\framework\web\CWebApplication.php(141): CWebApplication->runController('site/youcourse/...')
#3 C:\wamp\www\wis-project-1\yii\framework\base\CApplication.php(180): CWebApplication->processRequest()
#4 C:\wamp\www\wis-project-1\youCourse\index.php(20): CApplication->run()
#5 {main}
REQUEST_URI=/wis-project-1/youCourse/index.php/site/youcourse/index.php/api/video/
HTTP_REFERER=http://localhost/wis-project-1/youCourse/index.php/site/page?view=about
---
2013/12/17 09:20:02 [error] [exception.CHttpException.404] exception 'CHttpException' with message 'The system is unable to find the requested action "youcourse".' in C:\wamp\www\wis-project-1\yii\framework\web\CController.php:483
Stack trace:
#0 C:\wamp\www\wis-project-1\yii\framework\web\CController.php(270): CController->missingAction('youcourse')
#1 C:\wamp\www\wis-project-1\yii\framework\web\CWebApplication.php(282): CController->run('youcourse')
#2 C:\wamp\www\wis-project-1\yii\framework\web\CWebApplication.php(141): CWebApplication->runController('site/youcourse/...')
#3 C:\wamp\www\wis-project-1\yii\framework\base\CApplication.php(180): CWebApplication->processRequest()
#4 C:\wamp\www\wis-project-1\youCourse\index.php(20): CApplication->run()
#5 {main}
REQUEST_URI=/wis-project-1/youCourse/index.php/site/youcourse/index.php/api/video/images/logo_mohamed.png
HTTP_REFERER=http://localhost/wis-project-1/youCourse/index.php/site/youcourse/index.php/api/video/
---
2013/12/17 09:21:46 [error] [exception.CHttpException.404] exception 'CHttpException' with message 'The system is unable to find the requested action "youcourse".' in C:\wamp\www\wis-project-1\yii\framework\web\CController.php:483
Stack trace:
#0 C:\wamp\www\wis-project-1\yii\framework\web\CController.php(270): CController->missingAction('youcourse')
#1 C:\wamp\www\wis-project-1\yii\framework\web\CWebApplication.php(282): CController->run('youcourse')
#2 C:\wamp\www\wis-project-1\yii\framework\web\CWebApplication.php(141): CWebApplication->runController('site/youcourse/...')
#3 C:\wamp\www\wis-project-1\yii\framework\base\CApplication.php(180): CWebApplication->processRequest()
#4 C:\wamp\www\wis-project-1\youCourse\index.php(20): CApplication->run()
#5 {main}
REQUEST_URI=/wis-project-1/youCourse/index.php/site/youcourse/index.php/api/video/
---
2013/12/17 09:21:46 [error] [exception.CHttpException.404] exception 'CHttpException' with message 'The system is unable to find the requested action "youcourse".' in C:\wamp\www\wis-project-1\yii\framework\web\CController.php:483
Stack trace:
#0 C:\wamp\www\wis-project-1\yii\framework\web\CController.php(270): CController->missingAction('youcourse')
#1 C:\wamp\www\wis-project-1\yii\framework\web\CWebApplication.php(282): CController->run('youcourse')
#2 C:\wamp\www\wis-project-1\yii\framework\web\CWebApplication.php(141): CWebApplication->runController('site/youcourse/...')
#3 C:\wamp\www\wis-project-1\yii\framework\base\CApplication.php(180): CWebApplication->processRequest()
#4 C:\wamp\www\wis-project-1\youCourse\index.php(20): CApplication->run()
#5 {main}
REQUEST_URI=/wis-project-1/youCourse/index.php/site/youcourse/index.php/api/video/images/logo_mohamed.png
HTTP_REFERER=http://localhost/wis-project-1/youCourse/index.php/site/youcourse/index.php/api/video/
---
2013/12/17 09:21:55 [error] [exception.CHttpException.404] exception 'CHttpException' with message 'The system is unable to find the requested action "images".' in C:\wamp\www\wis-project-1\yii\framework\web\CController.php:483
Stack trace:
#0 C:\wamp\www\wis-project-1\yii\framework\web\CController.php(270): CController->missingAction('images')
#1 C:\wamp\www\wis-project-1\yii\framework\web\CWebApplication.php(282): CController->run('images')
#2 C:\wamp\www\wis-project-1\yii\framework\web\CWebApplication.php(141): CWebApplication->runController('site/images/log...')
#3 C:\wamp\www\wis-project-1\yii\framework\base\CApplication.php(180): CWebApplication->processRequest()
#4 C:\wamp\www\wis-project-1\youCourse\index.php(20): CApplication->run()
#5 {main}
REQUEST_URI=/wis-project-1/youCourse/index.php/site/images/logo_mohamed.png
HTTP_REFERER=http://localhost/wis-project-1/youCourse/index.php/site/page?view=about
---
2013/12/17 09:22:00 [error] [exception.CHttpException.404] exception 'CHttpException' with message 'The system is unable to find the requested action "youcourse".' in C:\wamp\www\wis-project-1\yii\framework\web\CController.php:483
Stack trace:
#0 C:\wamp\www\wis-project-1\yii\framework\web\CController.php(270): CController->missingAction('youcourse')
#1 C:\wamp\www\wis-project-1\yii\framework\web\CWebApplication.php(282): CController->run('youcourse')
#2 C:\wamp\www\wis-project-1\yii\framework\web\CWebApplication.php(141): CWebApplication->runController('site/youcourse/...')
#3 C:\wamp\www\wis-project-1\yii\framework\base\CApplication.php(180): CWebApplication->processRequest()
#4 C:\wamp\www\wis-project-1\youCourse\index.php(20): CApplication->run()
#5 {main}
REQUEST_URI=/wis-project-1/youCourse/index.php/site/youcourse/index.php/api/video/
HTTP_REFERER=http://localhost/wis-project-1/youCourse/index.php/site/page?view=about
---
2013/12/17 09:22:01 [error] [exception.CHttpException.404] exception 'CHttpException' with message 'The system is unable to find the requested action "youcourse".' in C:\wamp\www\wis-project-1\yii\framework\web\CController.php:483
Stack trace:
#0 C:\wamp\www\wis-project-1\yii\framework\web\CController.php(270): CController->missingAction('youcourse')
#1 C:\wamp\www\wis-project-1\yii\framework\web\CWebApplication.php(282): CController->run('youcourse')
#2 C:\wamp\www\wis-project-1\yii\framework\web\CWebApplication.php(141): CWebApplication->runController('site/youcourse/...')
#3 C:\wamp\www\wis-project-1\yii\framework\base\CApplication.php(180): CWebApplication->processRequest()
#4 C:\wamp\www\wis-project-1\youCourse\index.php(20): CApplication->run()
#5 {main}
REQUEST_URI=/wis-project-1/youCourse/index.php/site/youcourse/index.php/api/video/images/logo_mohamed.png
HTTP_REFERER=http://localhost/wis-project-1/youCourse/index.php/site/youcourse/index.php/api/video/
---
2013/12/17 09:23:06 [error] [exception.CHttpException.404] exception 'CHttpException' with message 'The system is unable to find the requested action "images".' in C:\wamp\www\wis-project-1\yii\framework\web\CController.php:483
Stack trace:
#0 C:\wamp\www\wis-project-1\yii\framework\web\CController.php(270): CController->missingAction('images')
#1 C:\wamp\www\wis-project-1\yii\framework\web\CWebApplication.php(282): CController->run('images')
#2 C:\wamp\www\wis-project-1\yii\framework\web\CWebApplication.php(141): CWebApplication->runController('site/images/log...')
#3 C:\wamp\www\wis-project-1\yii\framework\base\CApplication.php(180): CWebApplication->processRequest()
#4 C:\wamp\www\wis-project-1\youCourse\index.php(20): CApplication->run()
#5 {main}
REQUEST_URI=/wis-project-1/youCourse/index.php/site/images/logo_mohamed.png
HTTP_REFERER=http://localhost/wis-project-1/youCourse/index.php/site/page?view=about
---
2013/12/17 09:23:26 [error] [exception.CHttpException.404] exception 'CHttpException' with message 'The system is unable to find the requested action "youcourse".' in C:\wamp\www\wis-project-1\yii\framework\web\CController.php:483
Stack trace:
#0 C:\wamp\www\wis-project-1\yii\framework\web\CController.php(270): CController->missingAction('youcourse')
#1 C:\wamp\www\wis-project-1\yii\framework\web\CWebApplication.php(282): CController->run('youcourse')
#2 C:\wamp\www\wis-project-1\yii\framework\web\CWebApplication.php(141): CWebApplication->runController('site/youcourse/...')
#3 C:\wamp\www\wis-project-1\yii\framework\base\CApplication.php(180): CWebApplication->processRequest()
#4 C:\wamp\www\wis-project-1\youCourse\index.php(20): CApplication->run()
#5 {main}
REQUEST_URI=/wis-project-1/youCourse/index.php/site/youcourse/index.php/api/video/
HTTP_REFERER=http://localhost/wis-project-1/youCourse/index.php/site/page?view=about
---
2013/12/17 09:23:27 [error] [exception.CHttpException.404] exception 'CHttpException' with message 'The system is unable to find the requested action "youcourse".' in C:\wamp\www\wis-project-1\yii\framework\web\CController.php:483
Stack trace:
#0 C:\wamp\www\wis-project-1\yii\framework\web\CController.php(270): CController->missingAction('youcourse')
#1 C:\wamp\www\wis-project-1\yii\framework\web\CWebApplication.php(282): CController->run('youcourse')
#2 C:\wamp\www\wis-project-1\yii\framework\web\CWebApplication.php(141): CWebApplication->runController('site/youcourse/...')
#3 C:\wamp\www\wis-project-1\yii\framework\base\CApplication.php(180): CWebApplication->processRequest()
#4 C:\wamp\www\wis-project-1\youCourse\index.php(20): CApplication->run()
#5 {main}
REQUEST_URI=/wis-project-1/youCourse/index.php/site/youcourse/index.php/api/video/images/logo_mohamed.png
HTTP_REFERER=http://localhost/wis-project-1/youCourse/index.php/site/youcourse/index.php/api/video/
---
2013/12/17 09:24:55 [error] [exception.CHttpException.401] exception 'CHttpException' with message 'Unauthorized' in C:\wamp\www\wis-project-1\youCourse\protected\extensions\starship\RestfullYii\filters\ERestFilter.php:54
Stack trace:
#0 C:\wamp\www\wis-project-1\yii\framework\web\filters\CFilter.php(38): ERestFilter->preFilter(Object(CFilterChain))
#1 C:\wamp\www\wis-project-1\yii\framework\web\filters\CFilterChain.php(130): CFilter->filter(Object(CFilterChain))
#2 C:\wamp\www\wis-project-1\yii\framework\web\filters\CFilter.php(40): CFilterChain->run()
#3 C:\wamp\www\wis-project-1\yii\framework\web\CController.php(1145): CFilter->filter(Object(CFilterChain))
#4 C:\wamp\www\wis-project-1\yii\framework\web\filters\CInlineFilter.php(58): CController->filterAccessControl(Object(CFilterChain))
#5 C:\wamp\www\wis-project-1\yii\framework\web\filters\CFilterChain.php(130): CInlineFilter->filter(Object(CFilterChain))
#6 C:\wamp\www\wis-project-1\yii\framework\web\CController.php(291): CFilterChain->run()
#7 C:\wamp\www\wis-project-1\yii\framework\web\CController.php(265): CController->runActionWithFilters(Object(EActionRestGET), Array)
#8 C:\wamp\www\wis-project-1\yii\framework\web\CWebApplication.php(282): CController->run('REST.GET')
#9 C:\wamp\www\wis-project-1\yii\framework\web\CWebApplication.php(141): CWebApplication->runController('video/REST.GET')
#10 C:\wamp\www\wis-project-1\yii\framework\base\CApplication.php(180): CWebApplication->processRequest()
#11 C:\wamp\www\wis-project-1\youCourse\index.php(20): CApplication->run()
#12 {main}
REQUEST_URI=/wis-project-1/youCourse/index.php/api/video
---
2013/12/17 09:29:45 [error] [exception.CHttpException.404] exception 'CHttpException' with message 'The system is unable to find the requested action "youcourse".' in C:\wamp\www\wis-project-1\yii\framework\web\CController.php:483
Stack trace:
#0 C:\wamp\www\wis-project-1\yii\framework\web\CController.php(270): CController->missingAction('youcourse')
#1 C:\wamp\www\wis-project-1\yii\framework\web\CWebApplication.php(282): CController->run('youcourse')
#2 C:\wamp\www\wis-project-1\yii\framework\web\CWebApplication.php(141): CWebApplication->runController('site/youcourse/...')
#3 C:\wamp\www\wis-project-1\yii\framework\base\CApplication.php(180): CWebApplication->processRequest()
#4 C:\wamp\www\wis-project-1\youCourse\index.php(20): CApplication->run()
#5 {main}
REQUEST_URI=/wis-project-1/youCourse/index.php/site/youcourse/index.php/api/video/
HTTP_REFERER=http://localhost/wis-project-1/youCourse/index.php/site/page?view=about
---
2013/12/17 09:29:45 [error] [exception.CHttpException.404] exception 'CHttpException' with message 'The system is unable to find the requested action "youcourse".' in C:\wamp\www\wis-project-1\yii\framework\web\CController.php:483
Stack trace:
#0 C:\wamp\www\wis-project-1\yii\framework\web\CController.php(270): CController->missingAction('youcourse')
#1 C:\wamp\www\wis-project-1\yii\framework\web\CWebApplication.php(282): CController->run('youcourse')
#2 C:\wamp\www\wis-project-1\yii\framework\web\CWebApplication.php(141): CWebApplication->runController('site/youcourse/...')
#3 C:\wamp\www\wis-project-1\yii\framework\base\CApplication.php(180): CWebApplication->processRequest()
#4 C:\wamp\www\wis-project-1\youCourse\index.php(20): CApplication->run()
#5 {main}
REQUEST_URI=/wis-project-1/youCourse/index.php/site/youcourse/index.php/api/video/images/logo_mohamed.png
HTTP_REFERER=http://localhost/wis-project-1/youCourse/index.php/site/youcourse/index.php/api/video/
---
2013/12/17 09:29:49 [error] [exception.CHttpException.404] exception 'CHttpException' with message 'Unable to resolve the request "user/images/logo_mohamed.png".' in C:\wamp\www\wis-project-1\yii\framework\web\CWebApplication.php:286
Stack trace:
#0 C:\wamp\www\wis-project-1\yii\framework\web\CWebApplication.php(141): CWebApplication->runController('user/images/log...')
#1 C:\wamp\www\wis-project-1\yii\framework\base\CApplication.php(180): CWebApplication->processRequest()
#2 C:\wamp\www\wis-project-1\youCourse\index.php(20): CApplication->run()
#3 {main}
REQUEST_URI=/wis-project-1/youCourse/index.php/user/images/logo_mohamed.png
HTTP_REFERER=http://localhost/wis-project-1/youCourse/index.php/user/login
---
2013/12/17 09:29:58 [error] [exception.CHttpException.404] exception 'CHttpException' with message 'Unable to resolve the request "user/images/logo_mohamed.png".' in C:\wamp\www\wis-project-1\yii\framework\web\CWebApplication.php:286
Stack trace:
#0 C:\wamp\www\wis-project-1\yii\framework\web\CWebApplication.php(141): CWebApplication->runController('user/images/log...')
#1 C:\wamp\www\wis-project-1\yii\framework\base\CApplication.php(180): CWebApplication->processRequest()
#2 C:\wamp\www\wis-project-1\youCourse\index.php(20): CApplication->run()
#3 {main}
REQUEST_URI=/wis-project-1/youCourse/index.php/user/images/logo_mohamed.png
HTTP_REFERER=http://localhost/wis-project-1/youCourse/index.php/user/profile
---
2013/12/17 09:30:05 [error] [exception.CHttpException.404] exception 'CHttpException' with message 'The system is unable to find the requested action "images".' in C:\wamp\www\wis-project-1\yii\framework\web\CController.php:483
Stack trace:
#0 C:\wamp\www\wis-project-1\yii\framework\web\CController.php(270): CController->missingAction('images')
#1 C:\wamp\www\wis-project-1\yii\framework\web\CWebApplication.php(282): CController->run('images')
#2 C:\wamp\www\wis-project-1\yii\framework\web\CWebApplication.php(141): CWebApplication->runController('site/images/log...')
#3 C:\wamp\www\wis-project-1\yii\framework\base\CApplication.php(180): CWebApplication->processRequest()
#4 C:\wamp\www\wis-project-1\youCourse\index.php(20): CApplication->run()
#5 {main}
REQUEST_URI=/wis-project-1/youCourse/index.php/site/images/logo_mohamed.png
HTTP_REFERER=http://localhost/wis-project-1/youCourse/index.php/site/page?view=about
---
2013/12/17 09:30:30 [error] [exception.CHttpException.404] exception 'CHttpException' with message 'The system is unable to find the requested action "images".' in C:\wamp\www\wis-project-1\yii\framework\web\CController.php:483
Stack trace:
#0 C:\wamp\www\wis-project-1\yii\framework\web\CController.php(270): CController->missingAction('images')
#1 C:\wamp\www\wis-project-1\yii\framework\web\CWebApplication.php(282): CController->run('images')
#2 C:\wamp\www\wis-project-1\yii\framework\web\CWebApplication.php(141): CWebApplication->runController('site/images/log...')
#3 C:\wamp\www\wis-project-1\yii\framework\base\CApplication.php(180): CWebApplication->processRequest()
#4 C:\wamp\www\wis-project-1\youCourse\index.php(20): CApplication->run()
#5 {main}
REQUEST_URI=/wis-project-1/youCourse/index.php/site/images/logo_mohamed.png
HTTP_REFERER=http://localhost/wis-project-1/youCourse/index.php/site/page?view=about
---
2013/12/17 09:32:18 [error] [exception.CHttpException.404] exception 'CHttpException' with message 'The system is unable to find the requested action "images".' in C:\wamp\www\wis-project-1\yii\framework\web\CController.php:483
Stack trace:
#0 C:\wamp\www\wis-project-1\yii\framework\web\CController.php(270): CController->missingAction('images')
#1 C:\wamp\www\wis-project-1\yii\framework\web\CWebApplication.php(282): CController->run('images')
#2 C:\wamp\www\wis-project-1\yii\framework\web\CWebApplication.php(141): CWebApplication->runController('site/images/log...')
#3 C:\wamp\www\wis-project-1\yii\framework\base\CApplication.php(180): CWebApplication->processRequest()
#4 C:\wamp\www\wis-project-1\youCourse\index.php(20): CApplication->run()
#5 {main}
REQUEST_URI=/wis-project-1/youCourse/index.php/site/images/logo_mohamed.png
HTTP_REFERER=http://localhost/wis-project-1/youCourse/index.php/site/page?view=about
---
2013/12/17 09:34:22 [error] [exception.CHttpException.404] exception 'CHttpException' with message 'Unable to resolve the request "user/images/logo_mohamed.png".' in C:\wamp\www\wis-project-1\yii\framework\web\CWebApplication.php:286
Stack trace:
#0 C:\wamp\www\wis-project-1\yii\framework\web\CWebApplication.php(141): CWebApplication->runController('user/images/log...')
#1 C:\wamp\www\wis-project-1\yii\framework\base\CApplication.php(180): CWebApplication->processRequest()
#2 C:\wamp\www\wis-project-1\youCourse\index.php(20): CApplication->run()
#3 {main}
REQUEST_URI=/wis-project-1/youCourse/index.php/user/images/logo_mohamed.png
HTTP_REFERER=http://localhost/wis-project-1/youCourse/index.php/user/profile
---
2013/12/17 09:36:24 [error] [exception.CHttpException.404] exception 'CHttpException' with message 'The system is unable to find the requested action "images".' in C:\wamp\www\wis-project-1\yii\framework\web\CController.php:483
Stack trace:
#0 C:\wamp\www\wis-project-1\yii\framework\web\CController.php(270): CController->missingAction('images')
#1 C:\wamp\www\wis-project-1\yii\framework\web\CWebApplication.php(282): CController->run('images')
#2 C:\wamp\www\wis-project-1\yii\framework\web\CWebApplication.php(141): CWebApplication->runController('site/images/log...')
#3 C:\wamp\www\wis-project-1\yii\framework\base\CApplication.php(180): CWebApplication->processRequest()
#4 C:\wamp\www\wis-project-1\youCourse\index.php(20): CApplication->run()
#5 {main}
REQUEST_URI=/wis-project-1/youCourse/index.php/site/images/logo_mohamed.png
HTTP_REFERER=http://localhost/wis-project-1/youCourse/index.php/site/index
---
2013/12/17 09:36:25 [error] [php] Use of undefined constant api - assumed 'api' (C:\wamp\www\wis-project-1\youCourse\protected\views\site\pages\about.php:18)
Stack trace:
#0 C:\wamp\www\wis-project-1\yii\framework\web\CController.php(869): SiteController->renderFile()
#1 C:\wamp\www\wis-project-1\yii\framework\web\CController.php(782): SiteController->renderPartial()
#2 C:\wamp\www\wis-project-1\yii\framework\web\actions\CViewAction.php(140): SiteController->render()
#3 C:\wamp\www\wis-project-1\yii\framework\web\actions\CAction.php(76): CViewAction->run()
#4 C:\wamp\www\wis-project-1\yii\framework\web\CController.php(308): CViewAction->runWithParams()
#5 C:\wamp\www\wis-project-1\yii\framework\web\CController.php(286): SiteController->runAction()
#6 C:\wamp\www\wis-project-1\yii\framework\web\CController.php(265): SiteController->runActionWithFilters()
#7 C:\wamp\www\wis-project-1\yii\framework\web\CWebApplication.php(282): SiteController->run()
#8 C:\wamp\www\wis-project-1\yii\framework\web\CWebApplication.php(141): CWebApplication->runController()
#9 C:\wamp\www\wis-project-1\yii\framework\base\CApplication.php(180): CWebApplication->processRequest()
#10 C:\wamp\www\wis-project-1\youCourse\index.php(20): CWebApplication->run()
REQUEST_URI=/wis-project-1/youCourse/index.php/site/page?view=about
in C:\wamp\www\wis-project-1\youCourse\protected\views\site\pages\about.php (18)
in C:\wamp\www\wis-project-1\youCourse\index.php (20)
2013/12/17 09:45:23 [error] [exception.CHttpException.404] exception 'CHttpException' with message 'The system is unable to find the requested action "images".' in C:\wamp\www\wis-project-1\yii\framework\web\CController.php:483
Stack trace:
#0 C:\wamp\www\wis-project-1\yii\framework\web\CController.php(270): CController->missingAction('images')
#1 C:\wamp\www\wis-project-1\yii\framework\web\CWebApplication.php(282): CController->run('images')
#2 C:\wamp\www\wis-project-1\yii\framework\web\CWebApplication.php(141): CWebApplication->runController('site/images/log...')
#3 C:\wamp\www\wis-project-1\yii\framework\base\CApplication.php(180): CWebApplication->processRequest()
#4 C:\wamp\www\wis-project-1\youCourse\index.php(20): CApplication->run()
#5 {main}
REQUEST_URI=/wis-project-1/youCourse/index.php/site/images/logo_mohamed.png
HTTP_REFERER=http://localhost/wis-project-1/youCourse/index.php/site/page?view=about
---
2013/12/17 09:45:37 [error] [exception.CHttpException.404] exception 'CHttpException' with message 'The system is unable to find the requested action "images".' in C:\wamp\www\wis-project-1\yii\framework\web\CController.php:483
Stack trace:
#0 C:\wamp\www\wis-project-1\yii\framework\web\CController.php(270): CController->missingAction('images')
#1 C:\wamp\www\wis-project-1\yii\framework\web\CWebApplication.php(282): CController->run('images')
#2 C:\wamp\www\wis-project-1\yii\framework\web\CWebApplication.php(141): CWebApplication->runController('site/images/log...')
#3 C:\wamp\www\wis-project-1\yii\framework\base\CApplication.php(180): CWebApplication->processRequest()
#4 C:\wamp\www\wis-project-1\youCourse\index.php(20): CApplication->run()
#5 {main}
REQUEST_URI=/wis-project-1/youCourse/index.php/site/images/logo_mohamed.png
HTTP_REFERER=http://localhost/wis-project-1/youCourse/index.php/site/page?view=about
---
2013/12/17 09:45:47 [error] [exception.CHttpException.401] exception 'CHttpException' with message 'Unauthorized' in C:\wamp\www\wis-project-1\youCourse\protected\extensions\starship\RestfullYii\filters\ERestFilter.php:54
Stack trace:
#0 C:\wamp\www\wis-project-1\yii\framework\web\filters\CFilter.php(38): ERestFilter->preFilter(Object(CFilterChain))
#1 C:\wamp\www\wis-project-1\yii\framework\web\filters\CFilterChain.php(130): CFilter->filter(Object(CFilterChain))
#2 C:\wamp\www\wis-project-1\yii\framework\web\filters\CFilter.php(40): CFilterChain->run()
#3 C:\wamp\www\wis-project-1\yii\framework\web\CController.php(1145): CFilter->filter(Object(CFilterChain))
#4 C:\wamp\www\wis-project-1\yii\framework\web\filters\CInlineFilter.php(58): CController->filterAccessControl(Object(CFilterChain))
#5 C:\wamp\www\wis-project-1\yii\framework\web\filters\CFilterChain.php(130): CInlineFilter->filter(Object(CFilterChain))
#6 C:\wamp\www\wis-project-1\yii\framework\web\CController.php(291): CFilterChain->run()
#7 C:\wamp\www\wis-project-1\yii\framework\web\CController.php(265): CController->runActionWithFilters(Object(EActionRestGET), Array)
#8 C:\wamp\www\wis-project-1\yii\framework\web\CWebApplication.php(282): CController->run('REST.GET')
#9 C:\wamp\www\wis-project-1\yii\framework\web\CWebApplication.php(141): CWebApplication->runController('video/REST.GET')
#10 C:\wamp\www\wis-project-1\yii\framework\base\CApplication.php(180): CWebApplication->processRequest()
#11 C:\wamp\www\wis-project-1\youCourse\index.php(20): CApplication->run()
#12 {main}
REQUEST_URI=/wis-project-1/youCourse/index.php/api/video
---
